{"C:\\Users\\Diana\\Documents\\DEV013-fleet-management-api\\src\\app.ts": {"path":"C:\\Users\\Diana\\Documents\\DEV013-fleet-management-api\\src\\app.ts","statementMap":{"0":{"start":{"line":7,"column":0},"end":{"line":7,"column":22}},"1":{"start":{"line":8,"column":0},"end":{"line":8,"column":30}},"2":{"start":{"line":9,"column":0},"end":{"line":9,"column":36}},"3":{"start":{"line":13,"column":0},"end":{"line":13,"column":41}},"4":{"start":{"line":14,"column":0},"end":{"line":14,"column":54}},"5":{"start":{"line":16,"column":24},"end":{"line":16,"column":45}},"6":{"start":{"line":17,"column":13},"end":{"line":17,"column":28}},"7":{"start":{"line":18,"column":13},"end":{"line":18,"column":37}},"8":{"start":{"line":20,"column":12},"end":{"line":20,"column":21}},"9":{"start":{"line":21,"column":0},"end":{"line":21,"column":16}},"10":{"start":{"line":22,"column":0},"end":{"line":22,"column":24}},"11":{"start":{"line":23,"column":0},"end":{"line":23,"column":16}},"12":{"start":{"line":29,"column":0},"end":{"line":29,"column":26}},"13":{"start":{"line":30,"column":0},"end":{"line":30,"column":32}},"14":{"start":{"line":37,"column":0},"end":{"line":40,"column":3}},"15":{"start":{"line":38,"column":4},"end":{"line":38,"column":59}},"16":{"start":{"line":39,"column":4},"end":{"line":39,"column":null}},"17":{"start":{"line":42,"column":0},"end":{"line":42,"column":21}}},"fnMap":{"0":{"name":"(anonymous_1)","decl":{"start":{"line":37,"column":17},"end":{"line":37,"column":20}},"loc":{"start":{"line":37,"column":22},"end":{"line":40,"column":1}}}},"branchMap":{"0":{"loc":{"start":{"line":18,"column":13},"end":{"line":18,"column":37}},"type":"binary-expr","locations":[{"start":{"line":18,"column":13},"end":{"line":18,"column":29}},{"start":{"line":18,"column":33},"end":{"line":18,"column":37}}]}},"s":{"0":1,"1":1,"2":1,"3":1,"4":1,"5":1,"6":1,"7":1,"8":1,"9":1,"10":1,"11":1,"12":1,"13":1,"14":1,"15":1,"16":1,"17":1},"f":{"0":1},"b":{"0":[1,1]}}
,"C:\\Users\\Diana\\Documents\\DEV013-fleet-management-api\\src\\swagger.ts": {"path":"C:\\Users\\Diana\\Documents\\DEV013-fleet-management-api\\src\\swagger.ts","statementMap":{"0":{"start":{"line":1,"column":18},"end":{"line":1,"column":47}},"1":{"start":{"line":2,"column":21},"end":{"line":2,"column":45}},"2":{"start":{"line":5,"column":26},"end":{"line":22,"column":4}},"3":{"start":{"line":24,"column":14},"end":{"line":24,"column":45}},"4":{"start":{"line":26,"column":20},"end":{"line":29,"column":1}},"5":{"start":{"line":27,"column":2},"end":{"line":27,"column":60}},"6":{"start":{"line":28,"column":2},"end":{"line":28,"column":null}},"7":{"start":{"line":32,"column":0},"end":{"line":32,"column":null}}},"fnMap":{"0":{"name":"(anonymous_0)","decl":{"start":{"line":26,"column":20},"end":{"line":26,"column":21}},"loc":{"start":{"line":26,"column":51},"end":{"line":29,"column":1}}}},"branchMap":{},"s":{"0":1,"1":1,"2":1,"3":1,"4":1,"5":1,"6":1,"7":1},"f":{"0":1},"b":{}}
,"C:\\Users\\Diana\\Documents\\DEV013-fleet-management-api\\src\\controllers\\taxis.ts": {"path":"C:\\Users\\Diana\\Documents\\DEV013-fleet-management-api\\src\\controllers\\taxis.ts","statementMap":{"0":{"start":{"line":3,"column":0},"end":{"line":3,"column":43}},"1":{"start":{"line":6,"column":15},"end":{"line":6,"column":33}},"2":{"start":{"line":8,"column":24},"end":{"line":39,"column":null}},"3":{"start":{"line":8,"column":58},"end":{"line":39,"column":null}},"4":{"start":{"line":9,"column":8},"end":{"line":38,"column":9}},"5":{"start":{"line":11,"column":25},"end":{"line":11,"column":64}},"6":{"start":{"line":12,"column":26},"end":{"line":12,"column":67}},"7":{"start":{"line":13,"column":27},"end":{"line":13,"column":45}},"8":{"start":{"line":19,"column":30},"end":{"line":25,"column":18}},"9":{"start":{"line":26,"column":16},"end":{"line":34,"column":19}},"10":{"start":{"line":27,"column":20},"end":{"line":31,"column":23}},"11":{"start":{"line":33,"column":20},"end":{"line":33,"column":88}},"12":{"start":{"line":36,"column":12},"end":{"line":36,"column":75}},"13":{"start":{"line":74,"column":21},"end":{"line":74,"column":32}},"14":{"start":{"line":40,"column":21},"end":{"line":72,"column":null}},"15":{"start":{"line":40,"column":55},"end":{"line":72,"column":null}},"16":{"start":{"line":41,"column":4},"end":{"line":71,"column":5}},"17":{"start":{"line":43,"column":31},"end":{"line":43,"column":40}},"18":{"start":{"line":45,"column":8},"end":{"line":55,"column":10}},"19":{"start":{"line":46,"column":30},"end":{"line":50,"column":18}},"20":{"start":{"line":51,"column":12},"end":{"line":53,"column":13}},"21":{"start":{"line":52,"column":16},"end":{"line":52,"column":null}},"22":{"start":{"line":54,"column":12},"end":{"line":54,"column":51}},"23":{"start":{"line":56,"column":9},"end":{"line":66,"column":9}},"24":{"start":{"line":57,"column":27},"end":{"line":61,"column":18}},"25":{"start":{"line":62,"column":12},"end":{"line":64,"column":13}},"26":{"start":{"line":63,"column":16},"end":{"line":63,"column":null}},"27":{"start":{"line":65,"column":12},"end":{"line":65,"column":null}},"28":{"start":{"line":67,"column":8},"end":{"line":67,"column":null}},"29":{"start":{"line":69,"column":8},"end":{"line":69,"column":71}},"30":{"start":{"line":74,"column":8},"end":{"line":74,"column":20}}},"fnMap":{"0":{"name":"(anonymous_7)","decl":{"start":{"line":8,"column":24},"end":{"line":8,"column":30}},"loc":{"start":{"line":8,"column":58},"end":{"line":39,"column":null}}},"1":{"name":"(anonymous_8)","decl":{"start":{"line":8,"column":58},"end":{"line":8,"column":null}},"loc":{"start":{"line":8,"column":58},"end":{"line":39,"column":5}}},"2":{"name":"(anonymous_9)","decl":{"start":{"line":40,"column":21},"end":{"line":40,"column":27}},"loc":{"start":{"line":40,"column":55},"end":{"line":72,"column":null}}},"3":{"name":"(anonymous_10)","decl":{"start":{"line":40,"column":55},"end":{"line":40,"column":null}},"loc":{"start":{"line":40,"column":55},"end":{"line":72,"column":1}}}},"branchMap":{"0":{"loc":{"start":{"line":11,"column":25},"end":{"line":11,"column":64}},"type":"binary-expr","locations":[{"start":{"line":11,"column":25},"end":{"line":11,"column":59}},{"start":{"line":11,"column":63},"end":{"line":11,"column":64}}]},"1":{"loc":{"start":{"line":12,"column":26},"end":{"line":12,"column":67}},"type":"binary-expr","locations":[{"start":{"line":12,"column":26},"end":{"line":12,"column":61}},{"start":{"line":12,"column":65},"end":{"line":12,"column":67}}]},"2":{"loc":{"start":{"line":26,"column":16},"end":{"line":34,"column":19}},"type":"if","locations":[{"start":{"line":26,"column":16},"end":{"line":34,"column":19}},{"start":{"line":32,"column":25},"end":{"line":34,"column":19}}]},"3":{"loc":{"start":{"line":45,"column":8},"end":{"line":55,"column":10}},"type":"if","locations":[{"start":{"line":45,"column":8},"end":{"line":55,"column":10}}]},"4":{"loc":{"start":{"line":51,"column":12},"end":{"line":53,"column":13}},"type":"if","locations":[{"start":{"line":51,"column":12},"end":{"line":53,"column":13}}]},"5":{"loc":{"start":{"line":56,"column":9},"end":{"line":66,"column":9}},"type":"if","locations":[{"start":{"line":56,"column":9},"end":{"line":66,"column":9}}]},"6":{"loc":{"start":{"line":62,"column":12},"end":{"line":64,"column":13}},"type":"if","locations":[{"start":{"line":62,"column":12},"end":{"line":64,"column":13}}]}},"s":{"0":1,"1":1,"2":1,"3":2,"4":2,"5":2,"6":2,"7":2,"8":2,"9":2,"10":2,"11":0,"12":0,"13":1,"14":1,"15":4,"16":4,"17":4,"18":4,"19":2,"20":2,"21":1,"22":1,"23":2,"24":1,"25":1,"26":0,"27":1,"28":1,"29":0,"30":1},"f":{"0":2,"1":2,"2":4,"3":4},"b":{"0":[2,1],"1":[2,1],"2":[2,0],"3":[2],"4":[1],"5":[1],"6":[0]}}
,"C:\\Users\\Diana\\Documents\\DEV013-fleet-management-api\\src\\controllers\\trajectories.ts": {"path":"C:\\Users\\Diana\\Documents\\DEV013-fleet-management-api\\src\\controllers\\trajectories.ts","statementMap":{"0":{"start":{"line":2,"column":0},"end":{"line":2,"column":63}},"1":{"start":{"line":3,"column":0},"end":{"line":3,"column":52}},"2":{"start":{"line":4,"column":0},"end":{"line":4,"column":47}},"3":{"start":{"line":5,"column":0},"end":{"line":5,"column":19}},"4":{"start":{"line":8,"column":15},"end":{"line":8,"column":33}},"5":{"start":{"line":11,"column":24},"end":{"line":53,"column":2}},"6":{"start":{"line":11,"column":62},"end":{"line":53,"column":2}},"7":{"start":{"line":12,"column":2},"end":{"line":52,"column":3}},"8":{"start":{"line":13,"column":30},"end":{"line":13,"column":39}},"9":{"start":{"line":14,"column":17},"end":{"line":14,"column":60}},"10":{"start":{"line":15,"column":18},"end":{"line":15,"column":63}},"11":{"start":{"line":16,"column":19},"end":{"line":16,"column":37}},"12":{"start":{"line":17,"column":4},"end":{"line":17,"column":25}},"13":{"start":{"line":18,"column":4},"end":{"line":18,"column":22}},"14":{"start":{"line":22,"column":37},"end":{"line":22,"column":72}},"15":{"start":{"line":24,"column":4},"end":{"line":26,"column":5}},"16":{"start":{"line":25,"column":6},"end":{"line":25,"column":68}},"17":{"start":{"line":27,"column":29},"end":{"line":38,"column":6}},"18":{"start":{"line":40,"column":4},"end":{"line":48,"column":5}},"19":{"start":{"line":41,"column":6},"end":{"line":45,"column":9}},"20":{"start":{"line":47,"column":6},"end":{"line":47,"column":74}},"21":{"start":{"line":50,"column":4},"end":{"line":50,"column":67}},"22":{"start":{"line":295,"column":9},"end":{"line":295,"column":24}},"23":{"start":{"line":54,"column":28},"end":{"line":103,"column":6}},"24":{"start":{"line":54,"column":66},"end":{"line":103,"column":6}},"25":{"start":{"line":56,"column":15},"end":{"line":56,"column":58}},"26":{"start":{"line":57,"column":16},"end":{"line":57,"column":60}},"27":{"start":{"line":59,"column":21},"end":{"line":59,"column":39}},"28":{"start":{"line":60,"column":6},"end":{"line":102,"column":7}},"29":{"start":{"line":62,"column":38},"end":{"line":67,"column":12}},"30":{"start":{"line":68,"column":8},"end":{"line":68,"column":67}},"31":{"start":{"line":70,"column":36},"end":{"line":93,"column":null}},"32":{"start":{"line":71,"column":51},"end":{"line":93,"column":12}},"33":{"start":{"line":72,"column":35},"end":{"line":77,"column":14}},"34":{"start":{"line":78,"column":12},"end":{"line":78,"column":40}},"35":{"start":{"line":79,"column":32},"end":{"line":83,"column":14}},"36":{"start":{"line":84,"column":12},"end":{"line":84,"column":37}},"37":{"start":{"line":86,"column":12},"end":{"line":92,"column":14}},"38":{"start":{"line":95,"column":37},"end":{"line":95,"column":94}},"39":{"start":{"line":96,"column":8},"end":{"line":99,"column":24}},"40":{"start":{"line":101,"column":8},"end":{"line":101,"column":86}},"41":{"start":{"line":295,"column":26},"end":{"line":295,"column":45}},"42":{"start":{"line":105,"column":31},"end":{"line":171,"column":6}},"43":{"start":{"line":105,"column":69},"end":{"line":171,"column":6}},"44":{"start":{"line":106,"column":6},"end":{"line":170,"column":7}},"45":{"start":{"line":107,"column":44},"end":{"line":107,"column":52}},"46":{"start":{"line":114,"column":41},"end":{"line":114,"column":76}},"47":{"start":{"line":116,"column":8},"end":{"line":118,"column":9}},"48":{"start":{"line":117,"column":10},"end":{"line":117,"column":72}},"49":{"start":{"line":119,"column":33},"end":{"line":128,"column":10}},"50":{"start":{"line":129,"column":8},"end":{"line":129,"column":null}},"51":{"start":{"line":130,"column":8},"end":{"line":166,"column":9}},"52":{"start":{"line":132,"column":27},"end":{"line":132,"column":71}},"53":{"start":{"line":133,"column":27},"end":{"line":133,"column":70}},"54":{"start":{"line":136,"column":6},"end":{"line":136,"column":105}},"55":{"start":{"line":139,"column":6},"end":{"line":139,"column":79}},"56":{"start":{"line":142,"column":6},"end":{"line":159,"column":9}},"57":{"start":{"line":142,"column":43},"end":{"line":159,"column":8}},"58":{"start":{"line":143,"column":6},"end":{"line":146,"column":9}},"59":{"start":{"line":144,"column":10},"end":{"line":144,"column":29}},"60":{"start":{"line":145,"column":10},"end":{"line":145,"column":74}},"61":{"start":{"line":148,"column":10},"end":{"line":154,"column":13}},"62":{"start":{"line":149,"column":12},"end":{"line":153,"column":13}},"63":{"start":{"line":150,"column":14},"end":{"line":150,"column":81}},"64":{"start":{"line":151,"column":10},"end":{"line":151,"column":74}},"65":{"start":{"line":157,"column":10},"end":{"line":157,"column":55}},"66":{"start":{"line":162,"column":6},"end":{"line":162,"column":80}},"67":{"start":{"line":165,"column":10},"end":{"line":165,"column":78}},"68":{"start":{"line":168,"column":8},"end":{"line":168,"column":71}},"69":{"start":{"line":295,"column":46},"end":{"line":295,"column":68}},"70":{"start":{"line":173,"column":27},"end":{"line":200,"column":2}},"71":{"start":{"line":173,"column":65},"end":{"line":200,"column":2}},"72":{"start":{"line":174,"column":2},"end":{"line":199,"column":3}},"73":{"start":{"line":175,"column":17},"end":{"line":175,"column":60}},"74":{"start":{"line":176,"column":18},"end":{"line":176,"column":63}},"75":{"start":{"line":177,"column":19},"end":{"line":177,"column":37}},"76":{"start":{"line":179,"column":22},"end":{"line":179,"column":24}},"77":{"start":{"line":181,"column":29},"end":{"line":186,"column":6}},"78":{"start":{"line":187,"column":4},"end":{"line":195,"column":5}},"79":{"start":{"line":188,"column":6},"end":{"line":192,"column":9}},"80":{"start":{"line":194,"column":6},"end":{"line":194,"column":74}},"81":{"start":{"line":197,"column":4},"end":{"line":197,"column":67}},"82":{"start":{"line":296,"column":8},"end":{"line":296,"column":26}},"83":{"start":{"line":202,"column":26},"end":{"line":235,"column":null}},"84":{"start":{"line":202,"column":64},"end":{"line":235,"column":null}},"85":{"start":{"line":203,"column":2},"end":{"line":203,"column":null}},"86":{"start":{"line":204,"column":20},"end":{"line":204,"column":29}},"87":{"start":{"line":205,"column":2},"end":{"line":207,"column":3}},"88":{"start":{"line":206,"column":4},"end":{"line":206,"column":58}},"89":{"start":{"line":208,"column":15},"end":{"line":212,"column":10}},"90":{"start":{"line":215,"column":26},"end":{"line":222,"column":4}},"91":{"start":{"line":224,"column":2},"end":{"line":226,"column":3}},"92":{"start":{"line":225,"column":4},"end":{"line":225,"column":67}},"93":{"start":{"line":227,"column":2},"end":{"line":227,"column":null}},"94":{"start":{"line":228,"column":27},"end":{"line":230,"column":null}},"95":{"start":{"line":234,"column":2},"end":{"line":234,"column":null}},"96":{"start":{"line":296,"column":27},"end":{"line":296,"column":44}},"97":{"start":{"line":239,"column":31},"end":{"line":294,"column":2}},"98":{"start":{"line":239,"column":69},"end":{"line":294,"column":2}},"99":{"start":{"line":240,"column":2},"end":{"line":293,"column":3}},"100":{"start":{"line":241,"column":30},"end":{"line":241,"column":39}},"101":{"start":{"line":242,"column":17},"end":{"line":242,"column":60}},"102":{"start":{"line":243,"column":18},"end":{"line":243,"column":63}},"103":{"start":{"line":244,"column":19},"end":{"line":244,"column":37}},"104":{"start":{"line":245,"column":4},"end":{"line":245,"column":25}},"105":{"start":{"line":246,"column":4},"end":{"line":246,"column":22}},"106":{"start":{"line":250,"column":37},"end":{"line":250,"column":72}},"107":{"start":{"line":252,"column":22},"end":{"line":252,"column":24}},"108":{"start":{"line":253,"column":4},"end":{"line":255,"column":5}},"109":{"start":{"line":254,"column":6},"end":{"line":254,"column":105}},"110":{"start":{"line":256,"column":4},"end":{"line":258,"column":5}},"111":{"start":{"line":257,"column":6},"end":{"line":257,"column":68}},"112":{"start":{"line":259,"column":4},"end":{"line":261,"column":3}},"113":{"start":{"line":260,"column":6},"end":{"line":260,"column":null}},"114":{"start":{"line":262,"column":4},"end":{"line":271,"column":5}},"115":{"start":{"line":263,"column":6},"end":{"line":263,"column":26}},"116":{"start":{"line":264,"column":6},"end":{"line":264,"column":30}},"117":{"start":{"line":265,"column":6},"end":{"line":270,"column":null}},"118":{"start":{"line":272,"column":4},"end":{"line":274,"column":5}},"119":{"start":{"line":273,"column":6},"end":{"line":273,"column":null}},"120":{"start":{"line":275,"column":29},"end":{"line":280,"column":6}},"121":{"start":{"line":281,"column":4},"end":{"line":289,"column":5}},"122":{"start":{"line":282,"column":6},"end":{"line":286,"column":9}},"123":{"start":{"line":288,"column":6},"end":{"line":288,"column":74}},"124":{"start":{"line":291,"column":4},"end":{"line":291,"column":67}},"125":{"start":{"line":296,"column":45},"end":{"line":296,"column":67}}},"fnMap":{"0":{"name":"(anonymous_8)","decl":{"start":{"line":11,"column":24},"end":{"line":11,"column":31}},"loc":{"start":{"line":11,"column":62},"end":{"line":53,"column":2}}},"1":{"name":"(anonymous_9)","decl":{"start":{"line":11,"column":62},"end":{"line":11,"column":null}},"loc":{"start":{"line":11,"column":62},"end":{"line":53,"column":1}}},"2":{"name":"(anonymous_10)","decl":{"start":{"line":54,"column":28},"end":{"line":54,"column":35}},"loc":{"start":{"line":54,"column":66},"end":{"line":103,"column":6}}},"3":{"name":"(anonymous_11)","decl":{"start":{"line":54,"column":66},"end":{"line":54,"column":null}},"loc":{"start":{"line":54,"column":66},"end":{"line":103,"column":5}}},"4":{"name":"(anonymous_12)","decl":{"start":{"line":71,"column":36},"end":{"line":71,"column":43}},"loc":{"start":{"line":71,"column":51},"end":{"line":93,"column":12}}},"5":{"name":"(anonymous_13)","decl":{"start":{"line":71,"column":51},"end":{"line":71,"column":null}},"loc":{"start":{"line":71,"column":51},"end":{"line":93,"column":11}}},"6":{"name":"(anonymous_14)","decl":{"start":{"line":105,"column":31},"end":{"line":105,"column":38}},"loc":{"start":{"line":105,"column":69},"end":{"line":171,"column":6}}},"7":{"name":"(anonymous_15)","decl":{"start":{"line":105,"column":69},"end":{"line":105,"column":null}},"loc":{"start":{"line":105,"column":69},"end":{"line":171,"column":5}}},"8":{"name":"(anonymous_16)","decl":{"start":{"line":142,"column":29},"end":{"line":142,"column":36}},"loc":{"start":{"line":142,"column":43},"end":{"line":159,"column":8}}},"9":{"name":"(anonymous_17)","decl":{"start":{"line":142,"column":43},"end":{"line":142,"column":null}},"loc":{"start":{"line":142,"column":43},"end":{"line":159,"column":7}}},"10":{"name":"(anonymous_18)","decl":{"start":{"line":148,"column":30},"end":{"line":148,"column":31}},"loc":{"start":{"line":148,"column":44},"end":{"line":154,"column":11}}},"11":{"name":"(anonymous_19)","decl":{"start":{"line":173,"column":27},"end":{"line":173,"column":34}},"loc":{"start":{"line":173,"column":65},"end":{"line":200,"column":2}}},"12":{"name":"(anonymous_20)","decl":{"start":{"line":173,"column":65},"end":{"line":173,"column":null}},"loc":{"start":{"line":173,"column":65},"end":{"line":200,"column":1}}},"13":{"name":"(anonymous_21)","decl":{"start":{"line":202,"column":26},"end":{"line":202,"column":33}},"loc":{"start":{"line":202,"column":64},"end":{"line":235,"column":null}}},"14":{"name":"(anonymous_22)","decl":{"start":{"line":202,"column":64},"end":{"line":202,"column":null}},"loc":{"start":{"line":202,"column":64},"end":{"line":235,"column":1}}},"15":{"name":"(anonymous_23)","decl":{"start":{"line":239,"column":31},"end":{"line":239,"column":38}},"loc":{"start":{"line":239,"column":69},"end":{"line":294,"column":2}}},"16":{"name":"(anonymous_24)","decl":{"start":{"line":239,"column":69},"end":{"line":239,"column":null}},"loc":{"start":{"line":239,"column":69},"end":{"line":294,"column":1}}}},"branchMap":{"0":{"loc":{"start":{"line":14,"column":17},"end":{"line":14,"column":60}},"type":"binary-expr","locations":[{"start":{"line":14,"column":17},"end":{"line":14,"column":55}},{"start":{"line":14,"column":59},"end":{"line":14,"column":60}}]},"1":{"loc":{"start":{"line":15,"column":18},"end":{"line":15,"column":63}},"type":"binary-expr","locations":[{"start":{"line":15,"column":18},"end":{"line":15,"column":57}},{"start":{"line":15,"column":61},"end":{"line":15,"column":63}}]},"2":{"loc":{"start":{"line":24,"column":4},"end":{"line":26,"column":5}},"type":"if","locations":[{"start":{"line":24,"column":4},"end":{"line":26,"column":5}}]},"3":{"loc":{"start":{"line":24,"column":8},"end":{"line":24,"column":56}},"type":"binary-expr","locations":[{"start":{"line":24,"column":8},"end":{"line":24,"column":16}},{"start":{"line":24,"column":20},"end":{"line":24,"column":25}},{"start":{"line":24,"column":29},"end":{"line":24,"column":40}},{"start":{"line":24,"column":44},"end":{"line":24,"column":56}}]},"4":{"loc":{"start":{"line":40,"column":4},"end":{"line":48,"column":5}},"type":"if","locations":[{"start":{"line":40,"column":4},"end":{"line":48,"column":5}},{"start":{"line":46,"column":11},"end":{"line":48,"column":5}}]},"5":{"loc":{"start":{"line":56,"column":15},"end":{"line":56,"column":58}},"type":"binary-expr","locations":[{"start":{"line":56,"column":15},"end":{"line":56,"column":53}},{"start":{"line":56,"column":57},"end":{"line":56,"column":58}}]},"6":{"loc":{"start":{"line":57,"column":16},"end":{"line":57,"column":60}},"type":"binary-expr","locations":[{"start":{"line":57,"column":16},"end":{"line":57,"column":55}},{"start":{"line":57,"column":59},"end":{"line":57,"column":60}}]},"7":{"loc":{"start":{"line":88,"column":21},"end":{"line":88,"column":39}},"type":"cond-expr","locations":[{"start":{"line":88,"column":32},"end":{"line":88,"column":34}},{"start":{"line":88,"column":21},"end":{"line":88,"column":39}}]},"8":{"loc":{"start":{"line":88,"column":21},"end":{"line":88,"column":34}},"type":"binary-expr","locations":[{"start":{"line":88,"column":21},"end":{"line":88,"column":34}},{"start":{"line":88,"column":21},"end":{"line":88,"column":34}}]},"9":{"loc":{"start":{"line":89,"column":20},"end":{"line":89,"column":40}},"type":"cond-expr","locations":[{"start":{"line":89,"column":34},"end":{"line":89,"column":36}},{"start":{"line":89,"column":20},"end":{"line":89,"column":40}}]},"10":{"loc":{"start":{"line":89,"column":20},"end":{"line":89,"column":36}},"type":"binary-expr","locations":[{"start":{"line":89,"column":20},"end":{"line":89,"column":36}},{"start":{"line":89,"column":20},"end":{"line":89,"column":36}}]},"11":{"loc":{"start":{"line":90,"column":24},"end":{"line":90,"column":48}},"type":"cond-expr","locations":[{"start":{"line":90,"column":38},"end":{"line":90,"column":40}},{"start":{"line":90,"column":24},"end":{"line":90,"column":48}}]},"12":{"loc":{"start":{"line":90,"column":24},"end":{"line":90,"column":40}},"type":"binary-expr","locations":[{"start":{"line":90,"column":24},"end":{"line":90,"column":40}},{"start":{"line":90,"column":24},"end":{"line":90,"column":40}}]},"13":{"loc":{"start":{"line":91,"column":25},"end":{"line":91,"column":50}},"type":"cond-expr","locations":[{"start":{"line":91,"column":39},"end":{"line":91,"column":41}},{"start":{"line":91,"column":25},"end":{"line":91,"column":50}}]},"14":{"loc":{"start":{"line":91,"column":25},"end":{"line":91,"column":41}},"type":"binary-expr","locations":[{"start":{"line":91,"column":25},"end":{"line":91,"column":41}},{"start":{"line":91,"column":25},"end":{"line":91,"column":41}}]},"15":{"loc":{"start":{"line":116,"column":8},"end":{"line":118,"column":9}},"type":"if","locations":[{"start":{"line":116,"column":8},"end":{"line":118,"column":9}}]},"16":{"loc":{"start":{"line":116,"column":12},"end":{"line":116,"column":60}},"type":"binary-expr","locations":[{"start":{"line":116,"column":12},"end":{"line":116,"column":20}},{"start":{"line":116,"column":24},"end":{"line":116,"column":29}},{"start":{"line":116,"column":33},"end":{"line":116,"column":44}},{"start":{"line":116,"column":48},"end":{"line":116,"column":60}}]},"17":{"loc":{"start":{"line":130,"column":8},"end":{"line":166,"column":9}},"type":"if","locations":[{"start":{"line":130,"column":8},"end":{"line":166,"column":9}},{"start":{"line":164,"column":15},"end":{"line":166,"column":9}}]},"18":{"loc":{"start":{"line":143,"column":6},"end":{"line":146,"column":9}},"type":"if","locations":[{"start":{"line":143,"column":6},"end":{"line":146,"column":9}}]},"19":{"loc":{"start":{"line":149,"column":12},"end":{"line":153,"column":13}},"type":"if","locations":[{"start":{"line":149,"column":12},"end":{"line":153,"column":13}}]},"20":{"loc":{"start":{"line":175,"column":17},"end":{"line":175,"column":60}},"type":"binary-expr","locations":[{"start":{"line":175,"column":17},"end":{"line":175,"column":55}},{"start":{"line":175,"column":59},"end":{"line":175,"column":60}}]},"21":{"loc":{"start":{"line":176,"column":18},"end":{"line":176,"column":63}},"type":"binary-expr","locations":[{"start":{"line":176,"column":18},"end":{"line":176,"column":57}},{"start":{"line":176,"column":61},"end":{"line":176,"column":63}}]},"22":{"loc":{"start":{"line":187,"column":4},"end":{"line":195,"column":5}},"type":"if","locations":[{"start":{"line":187,"column":4},"end":{"line":195,"column":5}},{"start":{"line":193,"column":11},"end":{"line":195,"column":5}}]},"23":{"loc":{"start":{"line":205,"column":2},"end":{"line":207,"column":3}},"type":"if","locations":[{"start":{"line":205,"column":2},"end":{"line":207,"column":3}}]},"24":{"loc":{"start":{"line":224,"column":2},"end":{"line":226,"column":3}},"type":"if","locations":[{"start":{"line":224,"column":2},"end":{"line":226,"column":3}}]},"25":{"loc":{"start":{"line":242,"column":17},"end":{"line":242,"column":60}},"type":"binary-expr","locations":[{"start":{"line":242,"column":17},"end":{"line":242,"column":55}},{"start":{"line":242,"column":59},"end":{"line":242,"column":60}}]},"26":{"loc":{"start":{"line":243,"column":18},"end":{"line":243,"column":63}},"type":"binary-expr","locations":[{"start":{"line":243,"column":18},"end":{"line":243,"column":57}},{"start":{"line":243,"column":61},"end":{"line":243,"column":63}}]},"27":{"loc":{"start":{"line":253,"column":4},"end":{"line":255,"column":5}},"type":"if","locations":[{"start":{"line":253,"column":4},"end":{"line":255,"column":5}}]},"28":{"loc":{"start":{"line":253,"column":8},"end":{"line":253,"column":23}},"type":"binary-expr","locations":[{"start":{"line":253,"column":8},"end":{"line":253,"column":15}},{"start":{"line":253,"column":19},"end":{"line":253,"column":23}}]},"29":{"loc":{"start":{"line":256,"column":4},"end":{"line":258,"column":5}},"type":"if","locations":[{"start":{"line":256,"column":4},"end":{"line":258,"column":5}}]},"30":{"loc":{"start":{"line":256,"column":8},"end":{"line":256,"column":25}},"type":"binary-expr","locations":[{"start":{"line":256,"column":8},"end":{"line":256,"column":16}},{"start":{"line":256,"column":20},"end":{"line":256,"column":25}}]},"31":{"loc":{"start":{"line":259,"column":4},"end":{"line":261,"column":3}},"type":"if","locations":[{"start":{"line":259,"column":4},"end":{"line":261,"column":3}}]},"32":{"loc":{"start":{"line":259,"column":7},"end":{"line":259,"column":34}},"type":"binary-expr","locations":[{"start":{"line":259,"column":7},"end":{"line":259,"column":18}},{"start":{"line":259,"column":22},"end":{"line":259,"column":34}}]},"33":{"loc":{"start":{"line":262,"column":4},"end":{"line":271,"column":5}},"type":"if","locations":[{"start":{"line":262,"column":4},"end":{"line":271,"column":5}}]},"34":{"loc":{"start":{"line":272,"column":4},"end":{"line":274,"column":5}},"type":"if","locations":[{"start":{"line":272,"column":4},"end":{"line":274,"column":5}}]},"35":{"loc":{"start":{"line":281,"column":4},"end":{"line":289,"column":5}},"type":"if","locations":[{"start":{"line":281,"column":4},"end":{"line":289,"column":5}},{"start":{"line":287,"column":11},"end":{"line":289,"column":5}}]}},"s":{"0":1,"1":1,"2":1,"3":1,"4":1,"5":1,"6":4,"7":4,"8":4,"9":4,"10":4,"11":4,"12":4,"13":4,"14":4,"15":4,"16":1,"17":3,"18":3,"19":1,"20":2,"21":0,"22":1,"23":1,"24":2,"25":2,"26":2,"27":2,"28":2,"29":2,"30":2,"31":2,"32":20,"33":20,"34":20,"35":20,"36":20,"37":20,"38":2,"39":2,"40":0,"41":1,"42":1,"43":0,"44":0,"45":0,"46":0,"47":0,"48":0,"49":0,"50":0,"51":0,"52":0,"53":0,"54":0,"55":0,"56":0,"57":0,"58":0,"59":0,"60":0,"61":0,"62":0,"63":0,"64":0,"65":0,"66":0,"67":0,"68":0,"69":1,"70":1,"71":0,"72":0,"73":0,"74":0,"75":0,"76":0,"77":0,"78":0,"79":0,"80":0,"81":0,"82":1,"83":1,"84":0,"85":0,"86":0,"87":0,"88":0,"89":0,"90":0,"91":0,"92":0,"93":0,"94":0,"95":0,"96":1,"97":1,"98":0,"99":0,"100":0,"101":0,"102":0,"103":0,"104":0,"105":0,"106":0,"107":0,"108":0,"109":0,"110":0,"111":0,"112":0,"113":0,"114":0,"115":0,"116":0,"117":0,"118":0,"119":0,"120":0,"121":0,"122":0,"123":0,"124":0,"125":1},"f":{"0":4,"1":4,"2":2,"3":2,"4":20,"5":20,"6":0,"7":0,"8":0,"9":0,"10":0,"11":0,"12":0,"13":0,"14":0,"15":0,"16":0},"b":{"0":[4,0],"1":[4,0],"2":[1],"3":[4,3,3,3],"4":[1,2],"5":[2,1],"6":[2,1],"7":[0,20],"8":[20,20],"9":[0,20],"10":[20,20],"11":[0,20],"12":[20,20],"13":[0,20],"14":[20,20],"15":[0],"16":[0,0,0,0],"17":[0,0],"18":[0],"19":[0],"20":[0,0],"21":[0,0],"22":[0,0],"23":[0],"24":[0],"25":[0,0],"26":[0,0],"27":[0],"28":[0,0],"29":[0],"30":[0,0],"31":[0],"32":[0,0],"33":[0],"34":[0],"35":[0,0]}}
,"C:\\Users\\Diana\\Documents\\DEV013-fleet-management-api\\src\\routes\\index.ts": {"path":"C:\\Users\\Diana\\Documents\\DEV013-fleet-management-api\\src\\routes\\index.ts","statementMap":{"0":{"start":{"line":2,"column":0},"end":{"line":2,"column":33}},"1":{"start":{"line":6,"column":15},"end":{"line":6,"column":23}},"2":{"start":{"line":27,"column":9},"end":{"line":27,"column":15}}},"fnMap":{},"branchMap":{},"s":{"0":1,"1":1,"2":1},"f":{},"b":{}}
,"C:\\Users\\Diana\\Documents\\DEV013-fleet-management-api\\src\\routes\\taxis.ts": {"path":"C:\\Users\\Diana\\Documents\\DEV013-fleet-management-api\\src\\routes\\taxis.ts","statementMap":{"0":{"start":{"line":2,"column":0},"end":{"line":2,"column":33}},"1":{"start":{"line":3,"column":0},"end":{"line":3,"column":63}},"2":{"start":{"line":6,"column":15},"end":{"line":6,"column":23}},"3":{"start":{"line":83,"column":0},"end":{"line":83,"column":null}},"4":{"start":{"line":84,"column":0},"end":{"line":84,"column":null}},"5":{"start":{"line":86,"column":0},"end":{"line":86,"column":null}}},"fnMap":{},"branchMap":{},"s":{"0":1,"1":1,"2":1,"3":1,"4":1,"5":1},"f":{},"b":{}}
,"C:\\Users\\Diana\\Documents\\DEV013-fleet-management-api\\src\\routes\\trajectories.ts": {"path":"C:\\Users\\Diana\\Documents\\DEV013-fleet-management-api\\src\\routes\\trajectories.ts","statementMap":{"0":{"start":{"line":2,"column":0},"end":{"line":2,"column":33}},"1":{"start":{"line":3,"column":0},"end":{"line":3,"column":107}},"2":{"start":{"line":5,"column":0},"end":{"line":5,"column":106}},"3":{"start":{"line":8,"column":15},"end":{"line":8,"column":23}},"4":{"start":{"line":156,"column":0},"end":{"line":156,"column":null}},"5":{"start":{"line":157,"column":0},"end":{"line":157,"column":null}},"6":{"start":{"line":159,"column":0},"end":{"line":159,"column":null}},"7":{"start":{"line":162,"column":0},"end":{"line":162,"column":null}},"8":{"start":{"line":163,"column":0},"end":{"line":163,"column":null}},"9":{"start":{"line":164,"column":0},"end":{"line":164,"column":null}},"10":{"start":{"line":167,"column":0},"end":{"line":167,"column":null}}},"fnMap":{},"branchMap":{},"s":{"0":1,"1":1,"2":1,"3":1,"4":1,"5":1,"6":1,"7":1,"8":1,"9":1,"10":1},"f":{},"b":{}}
,"C:\\Users\\Diana\\Documents\\DEV013-fleet-management-api\\src\\utils\\date.ts": {"path":"C:\\Users\\Diana\\Documents\\DEV013-fleet-management-api\\src\\utils\\date.ts","statementMap":{"0":{"start":{"line":2,"column":35},"end":{"line":8,"column":3}},"1":{"start":{"line":3,"column":21},"end":{"line":3,"column":35}},"2":{"start":{"line":4,"column":23},"end":{"line":4,"column":115}},"3":{"start":{"line":5,"column":21},"end":{"line":5,"column":117}},"4":{"start":{"line":7,"column":4},"end":{"line":7,"column":36}},"5":{"start":{"line":2,"column":13},"end":{"line":2,"column":35}}},"fnMap":{"0":{"name":"(anonymous_0)","decl":{"start":{"line":2,"column":35},"end":{"line":2,"column":36}},"loc":{"start":{"line":2,"column":90},"end":{"line":8,"column":3}}}},"branchMap":{},"s":{"0":1,"1":4,"2":4,"3":4,"4":4,"5":1},"f":{"0":4},"b":{}}
,"C:\\Users\\Diana\\Documents\\DEV013-fleet-management-api\\src\\utils\\excel.ts": {"path":"C:\\Users\\Diana\\Documents\\DEV013-fleet-management-api\\src\\utils\\excel.ts","statementMap":{"0":{"start":{"line":1,"column":0},"end":{"line":1,"column":32}},"1":{"start":{"line":2,"column":0},"end":{"line":2,"column":20}},"2":{"start":{"line":3,"column":0},"end":{"line":3,"column":24}},"3":{"start":{"line":7,"column":16},"end":{"line":7,"column":30}},"4":{"start":{"line":8,"column":21},"end":{"line":8,"column":51}},"5":{"start":{"line":10,"column":4},"end":{"line":10,"column":46}},"6":{"start":{"line":11,"column":4},"end":{"line":11,"column":20}},"7":{"start":{"line":6,"column":0},"end":{"line":6,"column":24}}},"fnMap":{"0":{"name":"createExcelData","decl":{"start":{"line":6,"column":24},"end":{"line":6,"column":39}},"loc":{"start":{"line":6,"column":69},"end":{"line":12,"column":1}}}},"branchMap":{},"s":{"0":1,"1":1,"2":1,"3":0,"4":0,"5":0,"6":0,"7":1},"f":{"0":0},"b":{}}
}
