{"C:\\Users\\Diana\\Documents\\DEV013-fleet-management-api\\src\\app.ts": {"path":"C:\\Users\\Diana\\Documents\\DEV013-fleet-management-api\\src\\app.ts","statementMap":{"0":{"start":{"line":7,"column":0},"end":{"line":7,"column":22}},"1":{"start":{"line":8,"column":0},"end":{"line":8,"column":30}},"2":{"start":{"line":9,"column":0},"end":{"line":9,"column":36}},"3":{"start":{"line":12,"column":0},"end":{"line":12,"column":41}},"4":{"start":{"line":13,"column":0},"end":{"line":13,"column":54}},"5":{"start":{"line":15,"column":24},"end":{"line":15,"column":45}},"6":{"start":{"line":16,"column":13},"end":{"line":16,"column":28}},"7":{"start":{"line":17,"column":13},"end":{"line":17,"column":37}},"8":{"start":{"line":19,"column":12},"end":{"line":19,"column":21}},"9":{"start":{"line":20,"column":0},"end":{"line":20,"column":16}},"10":{"start":{"line":21,"column":0},"end":{"line":21,"column":24}},"11":{"start":{"line":22,"column":0},"end":{"line":22,"column":16}},"12":{"start":{"line":28,"column":0},"end":{"line":28,"column":26}},"13":{"start":{"line":29,"column":0},"end":{"line":29,"column":32}},"14":{"start":{"line":35,"column":0},"end":{"line":38,"column":3}},"15":{"start":{"line":36,"column":4},"end":{"line":36,"column":59}},"16":{"start":{"line":37,"column":4},"end":{"line":37,"column":null}},"17":{"start":{"line":40,"column":0},"end":{"line":40,"column":21}}},"fnMap":{"0":{"name":"(anonymous_1)","decl":{"start":{"line":35,"column":17},"end":{"line":35,"column":20}},"loc":{"start":{"line":35,"column":22},"end":{"line":38,"column":1}}}},"branchMap":{"0":{"loc":{"start":{"line":17,"column":13},"end":{"line":17,"column":37}},"type":"binary-expr","locations":[{"start":{"line":17,"column":13},"end":{"line":17,"column":29}},{"start":{"line":17,"column":33},"end":{"line":17,"column":37}}]}},"s":{"0":1,"1":1,"2":1,"3":1,"4":1,"5":1,"6":1,"7":1,"8":1,"9":1,"10":1,"11":1,"12":1,"13":1,"14":1,"15":1,"16":1,"17":1},"f":{"0":1},"b":{"0":[1,1]}}
,"C:\\Users\\Diana\\Documents\\DEV013-fleet-management-api\\src\\swagger.ts": {"path":"C:\\Users\\Diana\\Documents\\DEV013-fleet-management-api\\src\\swagger.ts","statementMap":{"0":{"start":{"line":1,"column":18},"end":{"line":1,"column":47}},"1":{"start":{"line":2,"column":21},"end":{"line":2,"column":45}},"2":{"start":{"line":5,"column":26},"end":{"line":22,"column":4}},"3":{"start":{"line":24,"column":14},"end":{"line":24,"column":45}},"4":{"start":{"line":26,"column":20},"end":{"line":29,"column":1}},"5":{"start":{"line":27,"column":2},"end":{"line":27,"column":60}},"6":{"start":{"line":28,"column":2},"end":{"line":28,"column":null}},"7":{"start":{"line":32,"column":0},"end":{"line":32,"column":null}}},"fnMap":{"0":{"name":"(anonymous_0)","decl":{"start":{"line":26,"column":20},"end":{"line":26,"column":21}},"loc":{"start":{"line":26,"column":51},"end":{"line":29,"column":1}}}},"branchMap":{},"s":{"0":1,"1":1,"2":1,"3":1,"4":1,"5":1,"6":1,"7":1},"f":{"0":1},"b":{}}
,"C:\\Users\\Diana\\Documents\\DEV013-fleet-management-api\\src\\controllers\\taxis.ts": {"path":"C:\\Users\\Diana\\Documents\\DEV013-fleet-management-api\\src\\controllers\\taxis.ts","statementMap":{"0":{"start":{"line":3,"column":0},"end":{"line":3,"column":43}},"1":{"start":{"line":6,"column":15},"end":{"line":6,"column":33}},"2":{"start":{"line":8,"column":24},"end":{"line":37,"column":null}},"3":{"start":{"line":8,"column":58},"end":{"line":37,"column":null}},"4":{"start":{"line":9,"column":8},"end":{"line":36,"column":9}},"5":{"start":{"line":11,"column":25},"end":{"line":11,"column":64}},"6":{"start":{"line":12,"column":26},"end":{"line":12,"column":67}},"7":{"start":{"line":13,"column":27},"end":{"line":13,"column":45}},"8":{"start":{"line":19,"column":30},"end":{"line":25,"column":18}},"9":{"start":{"line":27,"column":16},"end":{"line":31,"column":23}},"10":{"start":{"line":34,"column":12},"end":{"line":34,"column":75}},"11":{"start":{"line":72,"column":21},"end":{"line":72,"column":32}},"12":{"start":{"line":38,"column":21},"end":{"line":70,"column":null}},"13":{"start":{"line":38,"column":55},"end":{"line":70,"column":null}},"14":{"start":{"line":39,"column":4},"end":{"line":69,"column":5}},"15":{"start":{"line":41,"column":31},"end":{"line":41,"column":40}},"16":{"start":{"line":43,"column":8},"end":{"line":53,"column":10}},"17":{"start":{"line":44,"column":30},"end":{"line":48,"column":18}},"18":{"start":{"line":49,"column":12},"end":{"line":51,"column":13}},"19":{"start":{"line":50,"column":16},"end":{"line":50,"column":null}},"20":{"start":{"line":52,"column":12},"end":{"line":52,"column":51}},"21":{"start":{"line":54,"column":9},"end":{"line":64,"column":9}},"22":{"start":{"line":55,"column":27},"end":{"line":59,"column":18}},"23":{"start":{"line":60,"column":12},"end":{"line":62,"column":13}},"24":{"start":{"line":61,"column":16},"end":{"line":61,"column":null}},"25":{"start":{"line":63,"column":12},"end":{"line":63,"column":null}},"26":{"start":{"line":65,"column":8},"end":{"line":65,"column":null}},"27":{"start":{"line":67,"column":8},"end":{"line":67,"column":71}},"28":{"start":{"line":72,"column":8},"end":{"line":72,"column":20}}},"fnMap":{"0":{"name":"(anonymous_7)","decl":{"start":{"line":8,"column":24},"end":{"line":8,"column":30}},"loc":{"start":{"line":8,"column":58},"end":{"line":37,"column":null}}},"1":{"name":"(anonymous_8)","decl":{"start":{"line":8,"column":58},"end":{"line":8,"column":null}},"loc":{"start":{"line":8,"column":58},"end":{"line":37,"column":5}}},"2":{"name":"(anonymous_9)","decl":{"start":{"line":38,"column":21},"end":{"line":38,"column":27}},"loc":{"start":{"line":38,"column":55},"end":{"line":70,"column":null}}},"3":{"name":"(anonymous_10)","decl":{"start":{"line":38,"column":55},"end":{"line":38,"column":null}},"loc":{"start":{"line":38,"column":55},"end":{"line":70,"column":1}}}},"branchMap":{"0":{"loc":{"start":{"line":11,"column":25},"end":{"line":11,"column":64}},"type":"binary-expr","locations":[{"start":{"line":11,"column":25},"end":{"line":11,"column":59}},{"start":{"line":11,"column":63},"end":{"line":11,"column":64}}]},"1":{"loc":{"start":{"line":12,"column":26},"end":{"line":12,"column":67}},"type":"binary-expr","locations":[{"start":{"line":12,"column":26},"end":{"line":12,"column":61}},{"start":{"line":12,"column":65},"end":{"line":12,"column":67}}]},"2":{"loc":{"start":{"line":43,"column":8},"end":{"line":53,"column":10}},"type":"if","locations":[{"start":{"line":43,"column":8},"end":{"line":53,"column":10}}]},"3":{"loc":{"start":{"line":49,"column":12},"end":{"line":51,"column":13}},"type":"if","locations":[{"start":{"line":49,"column":12},"end":{"line":51,"column":13}}]},"4":{"loc":{"start":{"line":54,"column":9},"end":{"line":64,"column":9}},"type":"if","locations":[{"start":{"line":54,"column":9},"end":{"line":64,"column":9}}]},"5":{"loc":{"start":{"line":60,"column":12},"end":{"line":62,"column":13}},"type":"if","locations":[{"start":{"line":60,"column":12},"end":{"line":62,"column":13}}]}},"s":{"0":1,"1":1,"2":1,"3":2,"4":2,"5":2,"6":2,"7":2,"8":2,"9":2,"10":0,"11":1,"12":1,"13":4,"14":4,"15":4,"16":4,"17":2,"18":2,"19":1,"20":1,"21":2,"22":1,"23":1,"24":0,"25":1,"26":1,"27":0,"28":1},"f":{"0":2,"1":2,"2":4,"3":4},"b":{"0":[2,1],"1":[2,1],"2":[2],"3":[1],"4":[1],"5":[0]}}
,"C:\\Users\\Diana\\Documents\\DEV013-fleet-management-api\\src\\controllers\\trajectories.ts": {"path":"C:\\Users\\Diana\\Documents\\DEV013-fleet-management-api\\src\\controllers\\trajectories.ts","statementMap":{"0":{"start":{"line":2,"column":0},"end":{"line":2,"column":63}},"1":{"start":{"line":5,"column":15},"end":{"line":5,"column":33}},"2":{"start":{"line":7,"column":24},"end":{"line":57,"column":2}},"3":{"start":{"line":7,"column":62},"end":{"line":57,"column":2}},"4":{"start":{"line":8,"column":2},"end":{"line":56,"column":3}},"5":{"start":{"line":9,"column":30},"end":{"line":9,"column":39}},"6":{"start":{"line":10,"column":17},"end":{"line":10,"column":60}},"7":{"start":{"line":11,"column":18},"end":{"line":11,"column":63}},"8":{"start":{"line":12,"column":19},"end":{"line":12,"column":37}},"9":{"start":{"line":13,"column":4},"end":{"line":13,"column":25}},"10":{"start":{"line":14,"column":4},"end":{"line":14,"column":22}},"11":{"start":{"line":18,"column":21},"end":{"line":18,"column":45}},"12":{"start":{"line":19,"column":22},"end":{"line":19,"column":112}},"13":{"start":{"line":20,"column":21},"end":{"line":20,"column":115}},"14":{"start":{"line":21,"column":22},"end":{"line":21,"column":24}},"15":{"start":{"line":22,"column":4},"end":{"line":24,"column":3}},"16":{"start":{"line":23,"column":6},"end":{"line":23,"column":null}},"17":{"start":{"line":25,"column":4},"end":{"line":34,"column":5}},"18":{"start":{"line":26,"column":6},"end":{"line":26,"column":26}},"19":{"start":{"line":27,"column":6},"end":{"line":27,"column":29}},"20":{"start":{"line":28,"column":6},"end":{"line":33,"column":null}},"21":{"start":{"line":35,"column":4},"end":{"line":37,"column":5}},"22":{"start":{"line":36,"column":6},"end":{"line":36,"column":null}},"23":{"start":{"line":38,"column":29},"end":{"line":43,"column":6}},"24":{"start":{"line":44,"column":4},"end":{"line":52,"column":5}},"25":{"start":{"line":45,"column":6},"end":{"line":49,"column":9}},"26":{"start":{"line":51,"column":6},"end":{"line":51,"column":74}},"27":{"start":{"line":54,"column":4},"end":{"line":54,"column":67}},"28":{"start":{"line":232,"column":9},"end":{"line":232,"column":24}},"29":{"start":{"line":59,"column":27},"end":{"line":86,"column":2}},"30":{"start":{"line":59,"column":65},"end":{"line":86,"column":2}},"31":{"start":{"line":60,"column":2},"end":{"line":85,"column":3}},"32":{"start":{"line":61,"column":17},"end":{"line":61,"column":60}},"33":{"start":{"line":62,"column":18},"end":{"line":62,"column":63}},"34":{"start":{"line":63,"column":19},"end":{"line":63,"column":37}},"35":{"start":{"line":65,"column":22},"end":{"line":65,"column":24}},"36":{"start":{"line":67,"column":29},"end":{"line":72,"column":6}},"37":{"start":{"line":73,"column":4},"end":{"line":81,"column":5}},"38":{"start":{"line":74,"column":6},"end":{"line":78,"column":9}},"39":{"start":{"line":80,"column":6},"end":{"line":80,"column":74}},"40":{"start":{"line":83,"column":4},"end":{"line":83,"column":67}},"41":{"start":{"line":232,"column":25},"end":{"line":232,"column":43}},"42":{"start":{"line":88,"column":28},"end":{"line":137,"column":6}},"43":{"start":{"line":88,"column":66},"end":{"line":137,"column":6}},"44":{"start":{"line":90,"column":15},"end":{"line":90,"column":58}},"45":{"start":{"line":91,"column":16},"end":{"line":91,"column":60}},"46":{"start":{"line":93,"column":21},"end":{"line":93,"column":39}},"47":{"start":{"line":94,"column":6},"end":{"line":136,"column":7}},"48":{"start":{"line":96,"column":38},"end":{"line":101,"column":12}},"49":{"start":{"line":102,"column":8},"end":{"line":102,"column":67}},"50":{"start":{"line":104,"column":36},"end":{"line":127,"column":null}},"51":{"start":{"line":105,"column":51},"end":{"line":127,"column":12}},"52":{"start":{"line":106,"column":35},"end":{"line":111,"column":14}},"53":{"start":{"line":112,"column":12},"end":{"line":112,"column":40}},"54":{"start":{"line":113,"column":32},"end":{"line":117,"column":14}},"55":{"start":{"line":118,"column":12},"end":{"line":118,"column":37}},"56":{"start":{"line":120,"column":12},"end":{"line":126,"column":14}},"57":{"start":{"line":129,"column":37},"end":{"line":129,"column":94}},"58":{"start":{"line":130,"column":8},"end":{"line":133,"column":24}},"59":{"start":{"line":135,"column":8},"end":{"line":135,"column":86}},"60":{"start":{"line":232,"column":45},"end":{"line":232,"column":64}},"61":{"start":{"line":139,"column":26},"end":{"line":172,"column":null}},"62":{"start":{"line":139,"column":64},"end":{"line":172,"column":null}},"63":{"start":{"line":140,"column":2},"end":{"line":140,"column":null}},"64":{"start":{"line":141,"column":20},"end":{"line":141,"column":29}},"65":{"start":{"line":142,"column":2},"end":{"line":144,"column":3}},"66":{"start":{"line":143,"column":4},"end":{"line":143,"column":58}},"67":{"start":{"line":145,"column":15},"end":{"line":149,"column":10}},"68":{"start":{"line":152,"column":26},"end":{"line":159,"column":4}},"69":{"start":{"line":161,"column":2},"end":{"line":163,"column":3}},"70":{"start":{"line":162,"column":4},"end":{"line":162,"column":67}},"71":{"start":{"line":164,"column":2},"end":{"line":164,"column":null}},"72":{"start":{"line":165,"column":27},"end":{"line":167,"column":null}},"73":{"start":{"line":171,"column":2},"end":{"line":171,"column":null}},"74":{"start":{"line":232,"column":65},"end":{"line":232,"column":82}}},"fnMap":{"0":{"name":"(anonymous_7)","decl":{"start":{"line":7,"column":24},"end":{"line":7,"column":31}},"loc":{"start":{"line":7,"column":62},"end":{"line":57,"column":2}}},"1":{"name":"(anonymous_8)","decl":{"start":{"line":7,"column":62},"end":{"line":7,"column":null}},"loc":{"start":{"line":7,"column":62},"end":{"line":57,"column":1}}},"2":{"name":"(anonymous_9)","decl":{"start":{"line":59,"column":27},"end":{"line":59,"column":34}},"loc":{"start":{"line":59,"column":65},"end":{"line":86,"column":2}}},"3":{"name":"(anonymous_10)","decl":{"start":{"line":59,"column":65},"end":{"line":59,"column":null}},"loc":{"start":{"line":59,"column":65},"end":{"line":86,"column":1}}},"4":{"name":"(anonymous_11)","decl":{"start":{"line":88,"column":28},"end":{"line":88,"column":35}},"loc":{"start":{"line":88,"column":66},"end":{"line":137,"column":6}}},"5":{"name":"(anonymous_12)","decl":{"start":{"line":88,"column":66},"end":{"line":88,"column":null}},"loc":{"start":{"line":88,"column":66},"end":{"line":137,"column":5}}},"6":{"name":"(anonymous_13)","decl":{"start":{"line":105,"column":36},"end":{"line":105,"column":43}},"loc":{"start":{"line":105,"column":51},"end":{"line":127,"column":12}}},"7":{"name":"(anonymous_14)","decl":{"start":{"line":105,"column":51},"end":{"line":105,"column":null}},"loc":{"start":{"line":105,"column":51},"end":{"line":127,"column":11}}},"8":{"name":"(anonymous_15)","decl":{"start":{"line":139,"column":26},"end":{"line":139,"column":33}},"loc":{"start":{"line":139,"column":64},"end":{"line":172,"column":null}}},"9":{"name":"(anonymous_16)","decl":{"start":{"line":139,"column":64},"end":{"line":139,"column":null}},"loc":{"start":{"line":139,"column":64},"end":{"line":172,"column":1}}}},"branchMap":{"0":{"loc":{"start":{"line":10,"column":17},"end":{"line":10,"column":60}},"type":"binary-expr","locations":[{"start":{"line":10,"column":17},"end":{"line":10,"column":55}},{"start":{"line":10,"column":59},"end":{"line":10,"column":60}}]},"1":{"loc":{"start":{"line":11,"column":18},"end":{"line":11,"column":63}},"type":"binary-expr","locations":[{"start":{"line":11,"column":18},"end":{"line":11,"column":57}},{"start":{"line":11,"column":61},"end":{"line":11,"column":63}}]},"2":{"loc":{"start":{"line":22,"column":4},"end":{"line":24,"column":3}},"type":"if","locations":[{"start":{"line":22,"column":4},"end":{"line":24,"column":3}}]},"3":{"loc":{"start":{"line":22,"column":7},"end":{"line":22,"column":34}},"type":"binary-expr","locations":[{"start":{"line":22,"column":7},"end":{"line":22,"column":18}},{"start":{"line":22,"column":22},"end":{"line":22,"column":34}}]},"4":{"loc":{"start":{"line":25,"column":4},"end":{"line":34,"column":5}},"type":"if","locations":[{"start":{"line":25,"column":4},"end":{"line":34,"column":5}}]},"5":{"loc":{"start":{"line":35,"column":4},"end":{"line":37,"column":5}},"type":"if","locations":[{"start":{"line":35,"column":4},"end":{"line":37,"column":5}}]},"6":{"loc":{"start":{"line":44,"column":4},"end":{"line":52,"column":5}},"type":"if","locations":[{"start":{"line":44,"column":4},"end":{"line":52,"column":5}},{"start":{"line":50,"column":11},"end":{"line":52,"column":5}}]},"7":{"loc":{"start":{"line":61,"column":17},"end":{"line":61,"column":60}},"type":"binary-expr","locations":[{"start":{"line":61,"column":17},"end":{"line":61,"column":55}},{"start":{"line":61,"column":59},"end":{"line":61,"column":60}}]},"8":{"loc":{"start":{"line":62,"column":18},"end":{"line":62,"column":63}},"type":"binary-expr","locations":[{"start":{"line":62,"column":18},"end":{"line":62,"column":57}},{"start":{"line":62,"column":61},"end":{"line":62,"column":63}}]},"9":{"loc":{"start":{"line":73,"column":4},"end":{"line":81,"column":5}},"type":"if","locations":[{"start":{"line":73,"column":4},"end":{"line":81,"column":5}},{"start":{"line":79,"column":11},"end":{"line":81,"column":5}}]},"10":{"loc":{"start":{"line":90,"column":15},"end":{"line":90,"column":58}},"type":"binary-expr","locations":[{"start":{"line":90,"column":15},"end":{"line":90,"column":53}},{"start":{"line":90,"column":57},"end":{"line":90,"column":58}}]},"11":{"loc":{"start":{"line":91,"column":16},"end":{"line":91,"column":60}},"type":"binary-expr","locations":[{"start":{"line":91,"column":16},"end":{"line":91,"column":55}},{"start":{"line":91,"column":59},"end":{"line":91,"column":60}}]},"12":{"loc":{"start":{"line":122,"column":21},"end":{"line":122,"column":39}},"type":"cond-expr","locations":[{"start":{"line":122,"column":32},"end":{"line":122,"column":34}},{"start":{"line":122,"column":21},"end":{"line":122,"column":39}}]},"13":{"loc":{"start":{"line":122,"column":21},"end":{"line":122,"column":34}},"type":"binary-expr","locations":[{"start":{"line":122,"column":21},"end":{"line":122,"column":34}},{"start":{"line":122,"column":21},"end":{"line":122,"column":34}}]},"14":{"loc":{"start":{"line":123,"column":20},"end":{"line":123,"column":40}},"type":"cond-expr","locations":[{"start":{"line":123,"column":34},"end":{"line":123,"column":36}},{"start":{"line":123,"column":20},"end":{"line":123,"column":40}}]},"15":{"loc":{"start":{"line":123,"column":20},"end":{"line":123,"column":36}},"type":"binary-expr","locations":[{"start":{"line":123,"column":20},"end":{"line":123,"column":36}},{"start":{"line":123,"column":20},"end":{"line":123,"column":36}}]},"16":{"loc":{"start":{"line":124,"column":24},"end":{"line":124,"column":48}},"type":"cond-expr","locations":[{"start":{"line":124,"column":38},"end":{"line":124,"column":40}},{"start":{"line":124,"column":24},"end":{"line":124,"column":48}}]},"17":{"loc":{"start":{"line":124,"column":24},"end":{"line":124,"column":40}},"type":"binary-expr","locations":[{"start":{"line":124,"column":24},"end":{"line":124,"column":40}},{"start":{"line":124,"column":24},"end":{"line":124,"column":40}}]},"18":{"loc":{"start":{"line":125,"column":25},"end":{"line":125,"column":50}},"type":"cond-expr","locations":[{"start":{"line":125,"column":39},"end":{"line":125,"column":41}},{"start":{"line":125,"column":25},"end":{"line":125,"column":50}}]},"19":{"loc":{"start":{"line":125,"column":25},"end":{"line":125,"column":41}},"type":"binary-expr","locations":[{"start":{"line":125,"column":25},"end":{"line":125,"column":41}},{"start":{"line":125,"column":25},"end":{"line":125,"column":41}}]},"20":{"loc":{"start":{"line":142,"column":2},"end":{"line":144,"column":3}},"type":"if","locations":[{"start":{"line":142,"column":2},"end":{"line":144,"column":3}}]},"21":{"loc":{"start":{"line":161,"column":2},"end":{"line":163,"column":3}},"type":"if","locations":[{"start":{"line":161,"column":2},"end":{"line":163,"column":3}}]}},"s":{"0":1,"1":1,"2":1,"3":6,"4":6,"5":6,"6":6,"7":6,"8":6,"9":6,"10":6,"11":6,"12":6,"13":6,"14":6,"15":6,"16":1,"17":5,"18":3,"19":3,"20":3,"21":5,"22":2,"23":5,"24":5,"25":3,"26":2,"27":0,"28":1,"29":1,"30":0,"31":0,"32":0,"33":0,"34":0,"35":0,"36":0,"37":0,"38":0,"39":0,"40":0,"41":1,"42":1,"43":2,"44":2,"45":2,"46":2,"47":2,"48":2,"49":2,"50":2,"51":20,"52":20,"53":20,"54":20,"55":20,"56":20,"57":2,"58":2,"59":0,"60":1,"61":1,"62":0,"63":0,"64":0,"65":0,"66":0,"67":0,"68":0,"69":0,"70":0,"71":0,"72":0,"73":0,"74":1},"f":{"0":6,"1":6,"2":0,"3":0,"4":2,"5":2,"6":20,"7":20,"8":0,"9":0},"b":{"0":[6,0],"1":[6,0],"2":[1],"3":[6,5],"4":[3],"5":[2],"6":[3,2],"7":[0,0],"8":[0,0],"9":[0,0],"10":[2,1],"11":[2,1],"12":[0,20],"13":[20,20],"14":[0,20],"15":[20,20],"16":[0,20],"17":[20,20],"18":[0,20],"19":[20,20],"20":[0],"21":[0]}}
,"C:\\Users\\Diana\\Documents\\DEV013-fleet-management-api\\src\\routes\\index.ts": {"path":"C:\\Users\\Diana\\Documents\\DEV013-fleet-management-api\\src\\routes\\index.ts","statementMap":{"0":{"start":{"line":2,"column":0},"end":{"line":2,"column":33}},"1":{"start":{"line":6,"column":15},"end":{"line":6,"column":23}},"2":{"start":{"line":27,"column":9},"end":{"line":27,"column":15}}},"fnMap":{},"branchMap":{},"s":{"0":1,"1":1,"2":1},"f":{},"b":{}}
,"C:\\Users\\Diana\\Documents\\DEV013-fleet-management-api\\src\\routes\\taxis.ts": {"path":"C:\\Users\\Diana\\Documents\\DEV013-fleet-management-api\\src\\routes\\taxis.ts","statementMap":{"0":{"start":{"line":2,"column":0},"end":{"line":2,"column":33}},"1":{"start":{"line":3,"column":0},"end":{"line":3,"column":63}},"2":{"start":{"line":6,"column":15},"end":{"line":6,"column":23}},"3":{"start":{"line":83,"column":0},"end":{"line":83,"column":null}},"4":{"start":{"line":84,"column":0},"end":{"line":84,"column":null}},"5":{"start":{"line":86,"column":0},"end":{"line":86,"column":null}}},"fnMap":{},"branchMap":{},"s":{"0":1,"1":1,"2":1,"3":1,"4":1,"5":1},"f":{},"b":{}}
,"C:\\Users\\Diana\\Documents\\DEV013-fleet-management-api\\src\\routes\\trajectories.ts": {"path":"C:\\Users\\Diana\\Documents\\DEV013-fleet-management-api\\src\\routes\\trajectories.ts","statementMap":{"0":{"start":{"line":2,"column":0},"end":{"line":2,"column":33}},"1":{"start":{"line":3,"column":0},"end":{"line":3,"column":61}},"2":{"start":{"line":4,"column":0},"end":{"line":4,"column":66}},"3":{"start":{"line":6,"column":0},"end":{"line":6,"column":83}},"4":{"start":{"line":9,"column":15},"end":{"line":9,"column":23}},"5":{"start":{"line":157,"column":0},"end":{"line":157,"column":null}},"6":{"start":{"line":158,"column":0},"end":{"line":158,"column":null}},"7":{"start":{"line":161,"column":0},"end":{"line":161,"column":null}},"8":{"start":{"line":162,"column":0},"end":{"line":162,"column":null}},"9":{"start":{"line":164,"column":0},"end":{"line":164,"column":null}}},"fnMap":{},"branchMap":{},"s":{"0":1,"1":1,"2":1,"3":1,"4":1,"5":1,"6":1,"7":1,"8":1,"9":1},"f":{},"b":{}}
}
