TN:
SF:src\app.ts
FN:35,(anonymous_1)
FNF:1
FNH:1
FNDA:1,(anonymous_1)
DA:7,1
DA:8,1
DA:9,1
DA:12,1
DA:13,1
DA:15,1
DA:16,1
DA:17,1
DA:19,1
DA:20,1
DA:21,1
DA:22,1
DA:28,1
DA:29,1
DA:35,1
DA:36,1
DA:37,1
DA:40,1
LF:18
LH:18
BRDA:17,0,0,1
BRDA:17,0,1,1
BRF:2
BRH:2
end_of_record
TN:
SF:src\swagger.ts
FN:26,(anonymous_0)
FNF:1
FNH:1
FNDA:1,(anonymous_0)
DA:1,1
DA:2,1
DA:5,1
DA:24,1
DA:26,1
DA:27,1
DA:28,1
DA:32,1
LF:8
LH:8
BRF:0
BRH:0
end_of_record
TN:
SF:src\controllers\taxis.ts
FN:9,(anonymous_7)
FN:9,(anonymous_8)
FNF:2
FNH:2
FNDA:6,(anonymous_7)
FNDA:6,(anonymous_8)
DA:3,2
DA:6,2
DA:9,6
DA:10,6
DA:11,6
DA:12,5
DA:13,1
DA:15,4
DA:16,3
DA:17,2
DA:24,2
DA:25,1
DA:27,1
DA:29,1
DA:30,1
DA:37,1
DA:38,0
DA:40,1
DA:46,1
DA:47,1
DA:50,1
DA:66,1
DA:75,1
DA:107,2
DA:108,2
LF:25
LH:24
BRDA:12,0,0,1
BRDA:12,1,0,5
BRDA:12,1,1,4
BRDA:15,2,0,3
BRDA:15,3,0,4
BRDA:15,3,1,2
BRDA:16,4,0,2
BRDA:24,5,0,1
BRDA:29,6,0,1
BRDA:37,7,0,0
BRDA:46,8,0,1
BRDA:46,8,1,1
BRDA:47,9,0,1
BRDA:47,9,1,1
BRDA:57,10,0,0
BRDA:57,10,1,1
BRDA:58,11,0,0
BRDA:58,11,1,1
BRDA:69,12,0,1
BRDA:69,12,1,0
BRF:20
BRH:16
end_of_record
TN:
SF:src\controllers\trajectories.ts
FN:7,(anonymous_7)
FN:7,(anonymous_8)
FN:131,(anonymous_9)
FN:131,(anonymous_10)
FN:143,(anonymous_11)
FN:143,(anonymous_12)
FN:174,(anonymous_13)
FN:174,(anonymous_14)
FNF:8
FNH:2
FNDA:3,(anonymous_7)
FNDA:3,(anonymous_8)
FNDA:0,(anonymous_9)
FNDA:0,(anonymous_10)
FNDA:0,(anonymous_11)
FNDA:0,(anonymous_12)
FNDA:0,(anonymous_13)
FNDA:0,(anonymous_14)
DA:2,1
DA:3,1
DA:5,1
DA:7,3
DA:8,3
DA:9,3
DA:11,3
DA:12,3
DA:14,3
DA:15,3
DA:17,3
DA:18,3
DA:25,3
DA:34,3
DA:35,1
DA:50,1
DA:51,1
DA:52,1
DA:61,0
DA:63,2
DA:64,1
DA:68,1
DA:69,1
DA:84,1
DA:85,1
DA:86,1
DA:87,1
DA:96,0
DA:98,1
DA:99,1
DA:110,1
DA:111,1
DA:112,1
DA:121,0
DA:124,0
DA:125,0
DA:128,0
DA:131,1
DA:132,0
DA:133,0
DA:134,0
DA:140,0
DA:142,0
DA:143,0
DA:144,0
DA:150,0
DA:151,0
DA:156,0
DA:158,0
DA:167,0
DA:169,0
DA:174,1
DA:175,0
DA:176,0
DA:177,0
DA:178,0
DA:180,0
DA:187,0
DA:196,0
DA:197,0
DA:199,0
DA:200,0
DA:206,0
DA:267,1
LF:64
LH:34
BRDA:11,0,0,3
BRDA:11,0,1,3
BRDA:12,1,0,3
BRDA:12,1,1,3
BRDA:34,2,0,1
BRDA:34,3,0,3
BRDA:34,3,1,2
BRDA:44,4,0,0
BRDA:44,4,1,1
BRDA:45,5,0,0
BRDA:45,5,1,1
BRDA:51,6,0,1
BRDA:55,7,0,1
BRDA:55,7,1,0
BRDA:63,8,0,1
BRDA:78,9,0,0
BRDA:78,9,1,1
BRDA:79,10,0,0
BRDA:79,10,1,1
BRDA:86,11,0,1
BRDA:90,12,0,1
BRDA:90,12,1,0
BRDA:98,13,0,1
BRDA:104,14,0,0
BRDA:104,14,1,1
BRDA:105,15,0,0
BRDA:105,15,1,1
BRDA:111,16,0,1
BRDA:115,17,0,1
BRDA:115,17,1,0
BRDA:124,18,0,0
BRDA:124,19,0,0
BRDA:124,19,1,0
BRDA:160,20,0,0
BRDA:160,20,1,0
BRDA:160,21,0,0
BRDA:160,21,1,0
BRDA:161,22,0,0
BRDA:161,22,1,0
BRDA:161,23,0,0
BRDA:161,23,1,0
BRDA:162,24,0,0
BRDA:162,24,1,0
BRDA:162,25,0,0
BRDA:162,25,1,0
BRDA:163,26,0,0
BRDA:163,26,1,0
BRDA:163,27,0,0
BRDA:163,27,1,0
BRDA:177,28,0,0
BRDA:196,29,0,0
BRF:51
BRH:21
end_of_record
TN:
SF:src\routes\index.ts
FNF:0
FNH:0
DA:2,1
DA:6,1
DA:27,1
LF:3
LH:3
BRF:0
BRH:0
end_of_record
TN:
SF:src\routes\taxis.ts
FNF:0
FNH:0
DA:2,1
DA:3,1
DA:6,1
DA:91,1
DA:95,1
LF:5
LH:5
BRF:0
BRH:0
end_of_record
TN:
SF:src\routes\trajectories.ts
FNF:0
FNH:0
DA:2,1
DA:3,1
DA:4,1
DA:5,1
DA:9,1
DA:146,1
DA:147,1
DA:149,1
DA:151,1
LF:9
LH:9
BRF:0
BRH:0
end_of_record
TN:
SF:src\utils\error.ts
FN:6,(anonymous_0)
FNF:1
FNH:0
FNDA:0,(anonymous_0)
DA:6,1
DA:7,0
DA:8,0
DA:10,1
LF:4
LH:2
BRF:0
BRH:0
end_of_record
