TN:
SF:src\app.ts
FN:35,(anonymous_1)
FNF:1
FNH:1
FNDA:1,(anonymous_1)
DA:7,1
DA:8,1
DA:9,1
DA:12,1
DA:13,1
DA:15,1
DA:16,1
DA:17,1
DA:19,1
DA:20,1
DA:21,1
DA:22,1
DA:28,1
DA:29,1
DA:35,1
DA:36,1
DA:37,1
DA:40,1
LF:18
LH:18
BRDA:17,0,0,1
BRDA:17,0,1,1
BRF:2
BRH:2
end_of_record
TN:
SF:src\swagger.ts
FN:26,(anonymous_0)
FNF:1
FNH:1
FNDA:1,(anonymous_0)
DA:1,1
DA:2,1
DA:5,1
DA:24,1
DA:26,1
DA:27,1
DA:28,1
DA:32,1
LF:8
LH:8
BRF:0
BRH:0
end_of_record
TN:
SF:src\controllers\taxis.ts
FN:9,(anonymous_7)
FN:9,(anonymous_8)
FNF:2
FNH:2
FNDA:6,(anonymous_7)
FNDA:6,(anonymous_8)
DA:3,1
DA:6,1
DA:9,6
DA:10,6
DA:11,6
DA:12,6
DA:13,1
DA:15,5
DA:16,3
DA:17,2
DA:24,2
DA:25,1
DA:27,1
DA:29,1
DA:30,1
DA:37,1
DA:38,0
DA:40,1
DA:44,2
DA:45,2
DA:46,2
DA:47,2
DA:48,0
DA:49,0
DA:51,2
DA:60,1
DA:68,1
DA:73,1
LF:28
LH:25
BRDA:12,0,0,1
BRDA:12,1,0,6
BRDA:12,1,1,5
BRDA:15,2,0,3
BRDA:15,3,0,5
BRDA:15,3,1,3
BRDA:16,4,0,2
BRDA:24,5,0,1
BRDA:29,6,0,1
BRDA:37,7,0,0
BRDA:44,8,0,2
BRDA:44,8,1,1
BRDA:45,9,0,2
BRDA:45,9,1,1
BRDA:47,10,0,0
BRDA:47,11,0,2
BRDA:47,11,1,1
BRF:17
BRH:15
end_of_record
TN:
SF:src\controllers\trajectories.ts
FN:7,(anonymous_7)
FN:7,(anonymous_8)
FN:59,(anonymous_9)
FN:59,(anonymous_10)
FN:71,(anonymous_11)
FN:71,(anonymous_12)
FN:102,(anonymous_13)
FN:102,(anonymous_14)
FNF:8
FNH:2
FNDA:6,(anonymous_7)
FNDA:6,(anonymous_8)
FNDA:0,(anonymous_9)
FNDA:0,(anonymous_10)
FNDA:0,(anonymous_11)
FNDA:0,(anonymous_12)
FNDA:0,(anonymous_13)
FNDA:0,(anonymous_14)
DA:2,1
DA:5,1
DA:7,6
DA:8,6
DA:9,6
DA:10,6
DA:11,6
DA:12,6
DA:13,6
DA:14,6
DA:18,6
DA:19,6
DA:20,6
DA:21,6
DA:22,6
DA:23,1
DA:25,5
DA:26,3
DA:27,3
DA:28,3
DA:35,5
DA:36,2
DA:38,5
DA:44,4
DA:45,2
DA:51,2
DA:54,1
DA:59,1
DA:60,0
DA:61,0
DA:62,0
DA:68,0
DA:70,0
DA:71,0
DA:72,0
DA:78,0
DA:79,0
DA:84,0
DA:86,0
DA:95,0
DA:97,0
DA:102,1
DA:103,0
DA:104,0
DA:105,0
DA:106,0
DA:108,0
DA:115,0
DA:124,0
DA:125,0
DA:127,0
DA:128,0
DA:134,0
DA:195,1
LF:54
LH:30
BRDA:10,0,0,6
BRDA:10,0,1,1
BRDA:11,1,0,6
BRDA:11,1,1,0
BRDA:22,2,0,1
BRDA:22,3,0,6
BRDA:22,3,1,5
BRDA:25,4,0,3
BRDA:35,5,0,2
BRDA:44,6,0,2
BRDA:44,6,1,2
BRDA:88,7,0,0
BRDA:88,7,1,0
BRDA:88,8,0,0
BRDA:88,8,1,0
BRDA:89,9,0,0
BRDA:89,9,1,0
BRDA:89,10,0,0
BRDA:89,10,1,0
BRDA:90,11,0,0
BRDA:90,11,1,0
BRDA:90,12,0,0
BRDA:90,12,1,0
BRDA:91,13,0,0
BRDA:91,13,1,0
BRDA:91,14,0,0
BRDA:91,14,1,0
BRDA:105,15,0,0
BRDA:124,16,0,0
BRF:29
BRH:10
end_of_record
TN:
SF:src\routes\index.ts
FNF:0
FNH:0
DA:2,1
DA:6,1
DA:27,1
LF:3
LH:3
BRF:0
BRH:0
end_of_record
TN:
SF:src\routes\taxis.ts
FNF:0
FNH:0
DA:2,1
DA:3,1
DA:6,1
DA:91,1
DA:93,1
LF:5
LH:5
BRF:0
BRH:0
end_of_record
TN:
SF:src\routes\trajectories.ts
FNF:0
FNH:0
DA:2,1
DA:3,1
DA:4,1
DA:5,1
DA:9,1
DA:146,1
DA:147,1
DA:149,1
DA:151,1
LF:9
LH:9
BRF:0
BRH:0
end_of_record
